INFO    : Since no target was supplied, we will use "course".

INFO    : Building target course
INFO    : XSL conversion of E:\Work Documents\KJPreTeXt\Differential_Equations\source\main.ptx by C:\Users\locka\.ptx\2.38.3\core\xsl\utilities\pretext-enhanced-source.xsl
INFO    : successful application of C:\Users\locka\.ptx\2.38.3\core\xsl\utilities\pretext-enhanced-source.xsl
INFO    : Generating any needed assets.
INFO    : Finished generating assets.

INFO    : Preparing to build into E:\Work Documents\KJPreTeXt\Differential_Equations\output\course.
INFO    : discovering source file's directory name: E:\Work Documents\KJPreTeXt\Differential_Equations\source
INFO    : verifying and expanding input directory: E:\Work Documents\KJPreTeXt\Differential_Equations\source\../generated-assets
INFO    : input directory expanded to absolute path: E:\Work Documents\KJPreTeXt\Differential_Equations\generated-assets
INFO    : verifying and expanding input directory: E:\Work Documents\KJPreTeXt\Differential_Equations\source\../assets
INFO    : input directory expanded to absolute path: E:\Work Documents\KJPreTeXt\Differential_Equations\assets
INFO    : XSL conversion of E:\Work Documents\KJPreTeXt\Differential_Equations\source\main.ptx by C:\Users\locka\.ptx\2.38.3\core\xsl\utilities\report-publisher-variables.xsl
INFO    : successful application of C:\Users\locka\.ptx\2.38.3\core\xsl\utilities\report-publisher-variables.xsl
INFO    : Downloading rs services file from https://runestone.academy/cdn/runestone/latest/webpack_static_imports.xml.
INFO    : Runestone Services via online CDN query: version 7.13.5
INFO    : Downloading Runestone Services, version 7.13.5
INFO    : Extracting Runestone Services from archive file
WARNING : Color #d85062 does not have enough contrast with expected background color #23241f. Contrast ratio is 3.9030071993557347 but should be at least 4.5. Adjust your publisher file html/css/variables to ensure sufficient contrast.
INFO    : Building custom css theme: theme-greeley
INFO    : converting E:\Work Documents\KJPreTeXt\Differential_Equations\source\main.ptx to HTML in C:\Users\locka\AppData\Local\Temp\ptx-blqd1zye
INFO    : XSL conversion of E:\Work Documents\KJPreTeXt\Differential_Equations\source\main.ptx by C:\Users\locka\.ptx\2.38.3\core\xsl\pretext-html.xsl
INFO    : messages from the log for XSL processing:
INFO    : * PTX:INFO:   checking all deprecated elements.
INFO    : successful application of C:\Users\locka\.ptx\2.38.3\core\xsl\pretext-html.xsl
INFO    : Removing temporary directory C:\Users\locka\AppData\Local\Temp\ptx-blqd1zye
INFO    : Removing temporary directory C:\Users\locka\AppData\Local\Temp\ptx-2_alfu2x
INFO    : 
Finished build for target course. Run `pretext view course` to see the results.

INFO    : 
Success!  Built requested target(s) without errors.

INFO    : 
