INFO    : Staging deployment according to strategy pelican_default
INFO    : Staging `course` at `E:\Work Documents\KJPreTeXt\Differential_Equations\output\stage\course`.
INFO    : Staging generated site at `E:\Work Documents\KJPreTeXt\Differential_Equations\output\stage`.
INFO    : XSL conversion of E:\Work Documents\KJPreTeXt\Differential_Equations\source\main.ptx by C:\Users\locka\.ptx\2.38.3\core\xsl\utilities\pretext-enhanced-source.xsl
INFO    : successful application of C:\Users\locka\.ptx\2.38.3\core\xsl\utilities\pretext-enhanced-source.xsl
INFO    : Deployment is now staged at `E:\Work Documents\KJPreTeXt\Differential_Equations\output\stage`.
INFO    : Preparing to deploy from active `main` git branch.

INFO    : Changes to project source since last commit detected.
WARNING : Don't forget to either add and commit the changes to your source with git, or run `pretext deploy -u` to have these changes updated automatically.
WARNING : Just deploying your built project will not save changes to your source on GitHub.`
WARNING : Remote GitHub repository is not yet configured.

INFO    : And if you haven't already, create a remote GitHub repository for this project at:
INFO    :     https://github.com/new
INFO    : (Do NOT check any "initialize" options.)
INFO    : On the next page, copy the "HTTPS" version of the URL in the "Quick Setup" section.
INFO    : 
ERROR   : 
INFO    : 
----------------------------------------------------
INFO    : While running pretext, the following errors occurred:

INFO    : (see log messages above or in the 'logs' folder for more information)
INFO    : ----------------------------------------------------
