INFO    : Building target print
INFO    : XSL conversion of E:\Work Documents\KJPreTeXt\Differential_Equations\source\main.ptx by C:\Users\locka\.ptx\2.38.3\core\xsl\utilities\pretext-enhanced-source.xsl
INFO    : successful application of C:\Users\locka\.ptx\2.38.3\core\xsl\utilities\pretext-enhanced-source.xsl
INFO    : Generating any needed assets.
INFO    : Finished generating assets.

INFO    : Preparing to build into E:\Work Documents\KJPreTeXt\Differential_Equations\output\print.
INFO    : discovering source file's directory name: E:\Work Documents\KJPreTeXt\Differential_Equations\source
INFO    : verifying and expanding input directory: E:\Work Documents\KJPreTeXt\Differential_Equations\source\../generated-assets
INFO    : input directory expanded to absolute path: E:\Work Documents\KJPreTeXt\Differential_Equations\generated-assets
INFO    : verifying and expanding input directory: E:\Work Documents\KJPreTeXt\Differential_Equations\source\../assets
INFO    : input directory expanded to absolute path: E:\Work Documents\KJPreTeXt\Differential_Equations\assets
INFO    : XSL conversion of E:\Work Documents\KJPreTeXt\Differential_Equations\source\main.ptx by C:\Users\locka\.ptx\2.38.3\core\xsl\utilities\report-publisher-variables.xsl
INFO    : successful application of C:\Users\locka\.ptx\2.38.3\core\xsl\utilities\report-publisher-variables.xsl
INFO    : converting E:\Work Documents\KJPreTeXt\Differential_Equations\source\main.ptx to LaTeX as C:\Users\locka\AppData\Local\Temp\ptx-6u2z4ecx\main.tex
INFO    : XSL conversion of E:\Work Documents\KJPreTeXt\Differential_Equations\source\main.ptx by C:\Users\locka\.ptx\2.38.3\core\xsl\pretext-latex.xsl
INFO    : messages from the log for XSL processing:
INFO    : * PTX:INFO:   checking all deprecated elements.
INFO    : successful application of C:\Users\locka\.ptx\2.38.3\core\xsl\pretext-latex.xsl
INFO    : Rerunning LaTeX for main.tex (pass 2)
INFO    : Removing temporary directory C:\Users\locka\AppData\Local\Temp\ptx-6u2z4ecx
INFO    : Removing temporary directory C:\Users\locka\AppData\Local\Temp\ptx-iruifoqv
INFO    : Removing temporary directory C:\Users\locka\AppData\Local\Temp\ptx-ksa7l1x4
INFO    : 
Finished build for target print. The output is in E:\Work Documents\KJPreTeXt\Differential_Equations\output\print.

INFO    : 
Success!  Built requested target(s) without errors.

INFO    : 
