INFO    : Staging deployment according to strategy pelican_default
INFO    : Staging `course` at `E:\Work Documents\KJPreTeXt\Differential_Equations\output\stage\course`.
INFO    : Staging generated site at `E:\Work Documents\KJPreTeXt\Differential_Equations\output\stage`.
INFO    : XSL conversion of E:\Work Documents\KJPreTeXt\Differential_Equations\source\main.ptx by C:\Users\locka\.ptx\2.38.3\core\xsl\utilities\pretext-enhanced-source.xsl
INFO    : successful application of C:\Users\locka\.ptx\2.38.3\core\xsl\utilities\pretext-enhanced-source.xsl
INFO    : Deployment is now staged at `E:\Work Documents\KJPreTeXt\Differential_Equations\output\stage`.
INFO    : Preparing to deploy from active `main` git branch.

INFO    : Changes to project source since last commit detected.
WARNING : Don't forget to either add and commit the changes to your source with git, or run `pretext deploy -u` to have these changes updated automatically.
WARNING : Just deploying your built project will not save changes to your source on GitHub.`
INFO    : Committing your latest build to the `gh-pages` branch.
INFO    : 
INFO    : Attempting to connect to remote repository at `https://kjamesxyz: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@github.com/kjamesxyz/KJPreTeXt#`...
WARNING : There was an issue connecting to GitHub repository located at https://github.com/kjamesxyz/KJPreTeXt#/

INFO    : Make sure you have set up authentication for GitHub.  For more information, visit:
INFO    :     https://docs.github.com/en/authentication
INFO    : Make sure you can push changes, either from the command line or in VS Code.  Then try to deploy again.

INFO    : You can also try to run `pretext deploy --no-push` to skip this step, then switch to the `gh-pages` branch (using `git checkout gh-pages`) and push manually.
INFO    : (If `https://kjamesxyz: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@github.com/kjamesxyz/KJPreTeXt#` doesn't match your GitHub repository,
INFO    : use `git remote remove origin` on the command line then try to deploy again.)
ERROR   : Deploy was unsuccessful.
INFO    : 
----------------------------------------------------
INFO    : While running pretext, the following errors occurred:

INFO    : (see log messages above or in the 'logs' folder for more information)
INFO    : ----------------------------------------------------
