INFO    : Since no target was supplied, we will use "course".

INFO    : Building target course
INFO    : XSL conversion of E:\Work Documents\KJPreTeXt\Differential_Equations\source\main.ptx by C:\Users\locka\.ptx\2.38.3\core\xsl\utilities\pretext-enhanced-source.xsl
INFO    : successful application of C:\Users\locka\.ptx\2.38.3\core\xsl\utilities\pretext-enhanced-source.xsl
INFO    : Generating any needed assets.
INFO    : Finished generating assets.

INFO    : Preparing to build into E:\Work Documents\KJPreTeXt\Differential_Equations\output\course.
INFO    : discovering source file's directory name: E:\Work Documents\KJPreTeXt\Differential_Equations\source
INFO    : verifying and expanding input directory: E:\Work Documents\KJPreTeXt\Differential_Equations\source\../generated-assets
INFO    : input directory expanded to absolute path: E:\Work Documents\KJPreTeXt\Differential_Equations\generated-assets
INFO    : verifying and expanding input directory: E:\Work Documents\KJPreTeXt\Differential_Equations\source\../assets
INFO    : input directory expanded to absolute path: E:\Work Documents\KJPreTeXt\Differential_Equations\assets
INFO    : XSL conversion of E:\Work Documents\KJPreTeXt\Differential_Equations\source\main.ptx by C:\Users\locka\.ptx\2.38.3\core\xsl\utilities\report-publisher-variables.xsl
INFO    : successful application of C:\Users\locka\.ptx\2.38.3\core\xsl\utilities\report-publisher-variables.xsl
INFO    : Downloading rs services file from https://runestone.academy/cdn/runestone/latest/webpack_static_imports.xml.
INFO    : Runestone Services via online CDN query: version 7.13.5
INFO    : Downloading Runestone Services, version 7.13.5
INFO    : Extracting Runestone Services from archive file
CRITICAL: 'd85062' is not a valid color
INFO    : ------------------------
CRITICAL: Failed to build without errors.  Exiting...
INFO    : 
----------------------------------------------------
INFO    : While running pretext, the following errors occurred:

INFO    : (see log messages above or in the 'logs' folder for more information)
INFO    : ----------------------------------------------------
