INFO    : Since no target was supplied, we will use "course".

INFO    : Building target course
INFO    : XSL conversion of /home/kjames13/Code/KJPreTeXt/Differential_Equations/source/main.ptx by /home/kjames13/.ptx/2.38.3/core/xsl/utilities/pretext-enhanced-source.xsl
INFO    : successful application of /home/kjames13/.ptx/2.38.3/core/xsl/utilities/pretext-enhanced-source.xsl
INFO    : Generating any needed assets.
INFO    : Finished generating assets.

INFO    : Preparing to build into /home/kjames13/Code/KJPreTeXt/Differential_Equations/output/course.
WARNING : Cannot find npm.  Will try to use prebuilt CSS files instead.
WARNING : Unable to install npm packages to build css files.  Non-default CSS themes require node.js and npm to be installed.  See https://pretextbook.org/doc/guide/html/node-and-npm.html
WARNING : 
INFO    : discovering source file's directory name: /home/kjames13/Code/KJPreTeXt/Differential_Equations/source
INFO    : verifying and expanding input directory: /home/kjames13/Code/KJPreTeXt/Differential_Equations/source/../generated-assets
INFO    : input directory expanded to absolute path: /home/kjames13/Code/KJPreTeXt/Differential_Equations/generated-assets
INFO    : verifying and expanding input directory: /home/kjames13/Code/KJPreTeXt/Differential_Equations/source/../assets
INFO    : input directory expanded to absolute path: /home/kjames13/Code/KJPreTeXt/Differential_Equations/assets
INFO    : XSL conversion of /home/kjames13/Code/KJPreTeXt/Differential_Equations/source/main.ptx by /home/kjames13/.ptx/2.38.3/core/xsl/utilities/report-publisher-variables.xsl
INFO    : successful application of /home/kjames13/.ptx/2.38.3/core/xsl/utilities/report-publisher-variables.xsl
INFO    : Downloading rs services file from https://runestone.academy/cdn/runestone/latest/webpack_static_imports.xml.
INFO    : Runestone Services via online CDN query: version 7.13.5
INFO    : Downloading Runestone Services, version 7.13.5
INFO    : Extracting Runestone Services from archive file
INFO    : Building custom css theme: theme-denver
ERROR   : node:internal/errors:496
    ErrorCaptureStackTrace(err);
    ^

Error [ERR_MODULE_NOT_FOUND]: Cannot find package 'esbuild' imported from /home/kjames13/.ptx/2.38.3/core/script/cssbuilder/cssbuilder.mjs
    at new NodeError (node:internal/errors:405:5)
    at packageResolve (node:internal/modules/esm/resolve:916:9)
    at moduleResolve (node:internal/modules/esm/resolve:973:20)
    at defaultResolve (node:internal/modules/esm/resolve:1193:11)
    at ModuleLoader.defaultResolve (node:internal/modules/esm/loader:403:12)
    at ModuleLoader.resolve (node:internal/modules/esm/loader:372:25)
    at ModuleLoader.getModuleJob (node:internal/modules/esm/loader:249:38)
    at ModuleWrap.<anonymous> (node:internal/modules/esm/module_job:76:39)
    at link (node:internal/modules/esm/module_job:75:36) {
  code: 'ERR_MODULE_NOT_FOUND'
}

Node.js v18.19.1

CRITICAL: Failed to build custom theme
INFO    : ------------------------
CRITICAL: Failed to build without errors.  Exiting...
INFO    : 
----------------------------------------------------
INFO    : While running pretext, the following errors occurred:

INFO    : (see log messages above or in the 'logs' folder for more information)
INFO    : ----------------------------------------------------
