INFO    : Building target course
INFO    : XSL conversion of /home/kjames13/Code/KJPreTeXt/Differential_Equations/source/main.ptx by /home/kjames13/.ptx/2.38.3/core/xsl/utilities/pretext-enhanced-source.xsl
INFO    : successful application of /home/kjames13/.ptx/2.38.3/core/xsl/utilities/pretext-enhanced-source.xsl
INFO    : Generating any needed assets.
INFO    : Finished generating assets.

INFO    : Preparing to build into /home/kjames13/Code/KJPreTeXt/Differential_Equations/output/course.
INFO    : discovering source file's directory name: /home/kjames13/Code/KJPreTeXt/Differential_Equations/source
INFO    : verifying and expanding input directory: /home/kjames13/Code/KJPreTeXt/Differential_Equations/source/../generated-assets
INFO    : input directory expanded to absolute path: /home/kjames13/Code/KJPreTeXt/Differential_Equations/generated-assets
INFO    : verifying and expanding input directory: /home/kjames13/Code/KJPreTeXt/Differential_Equations/source/../assets
INFO    : input directory expanded to absolute path: /home/kjames13/Code/KJPreTeXt/Differential_Equations/assets
INFO    : XSL conversion of /home/kjames13/Code/KJPreTeXt/Differential_Equations/source/main.ptx by /home/kjames13/.ptx/2.38.3/core/xsl/utilities/report-publisher-variables.xsl
INFO    : successful application of /home/kjames13/.ptx/2.38.3/core/xsl/utilities/report-publisher-variables.xsl
INFO    : Downloading rs services file from https://runestone.academy/cdn/runestone/latest/webpack_static_imports.xml.
INFO    : Runestone Services via online CDN query: version 7.13.5
INFO    : Downloading Runestone Services, version 7.13.5
INFO    : Extracting Runestone Services from archive file
INFO    : Building custom css theme: theme-denver
INFO    : converting /home/kjames13/Code/KJPreTeXt/Differential_Equations/source/main.ptx to HTML in /tmp/ptx-pxwdfysa
INFO    : XSL conversion of /home/kjames13/Code/KJPreTeXt/Differential_Equations/source/main.ptx by /home/kjames13/.ptx/2.38.3/core/xsl/pretext-html.xsl
INFO    : messages from the log for XSL processing:
INFO    : * PTX:INFO:   checking all deprecated elements.
INFO    : successful application of /home/kjames13/.ptx/2.38.3/core/xsl/pretext-html.xsl
INFO    : Removing temporary directory /tmp/ptx-pxwdfysa
INFO    : Removing temporary directory /tmp/ptx-5f6kefwf
INFO    : 
Finished build for target course. Run `pretext view course` to see the results.

INFO    : 
Success!  Built requested target(s) without errors.

INFO    : 
