INFO    : Building target print
INFO    : XSL conversion of /home/kjames13/Code/KJPreTeXt/Learning_PreTeXt/my-first-article/source/main.ptx by /home/kjames13/.ptx/2.38.3/core/xsl/utilities/pretext-enhanced-source.xsl
INFO    : successful application of /home/kjames13/.ptx/2.38.3/core/xsl/utilities/pretext-enhanced-source.xsl
INFO    : Generating any needed assets.
INFO    : Finished generating assets.

INFO    : Preparing to build into /home/kjames13/Code/KJPreTeXt/Learning_PreTeXt/my-first-article/output/print.
INFO    : discovering source file's directory name: /home/kjames13/Code/KJPreTeXt/Learning_PreTeXt/my-first-article/source
INFO    : verifying and expanding input directory: /home/kjames13/Code/KJPreTeXt/Learning_PreTeXt/my-first-article/source/../generated-assets
INFO    : input directory expanded to absolute path: /home/kjames13/Code/KJPreTeXt/Learning_PreTeXt/my-first-article/generated-assets
INFO    : verifying and expanding input directory: /home/kjames13/Code/KJPreTeXt/Learning_PreTeXt/my-first-article/source/../assets
INFO    : input directory expanded to absolute path: /home/kjames13/Code/KJPreTeXt/Learning_PreTeXt/my-first-article/assets
INFO    : XSL conversion of /home/kjames13/Code/KJPreTeXt/Learning_PreTeXt/my-first-article/source/main.ptx by /home/kjames13/.ptx/2.38.3/core/xsl/utilities/report-publisher-variables.xsl
INFO    : successful application of /home/kjames13/.ptx/2.38.3/core/xsl/utilities/report-publisher-variables.xsl
INFO    : converting /home/kjames13/Code/KJPreTeXt/Learning_PreTeXt/my-first-article/source/main.ptx to LaTeX as /tmp/ptx-suqdo8wc/main.tex
INFO    : XSL conversion of /home/kjames13/Code/KJPreTeXt/Learning_PreTeXt/my-first-article/source/main.ptx by /home/kjames13/.ptx/2.38.3/core/xsl/pretext-latex.xsl
INFO    : messages from the log for XSL processing:
INFO    : * PTX:INFO:   checking all deprecated elements.
INFO    : successful application of /home/kjames13/.ptx/2.38.3/core/xsl/pretext-latex.xsl
INFO    : Rerunning LaTeX for main.tex (pass 2)
INFO    : Removing temporary directory /tmp/ptx-suqdo8wc
INFO    : Removing temporary directory /tmp/ptx-p9tygr55
INFO    : Removing temporary directory /tmp/ptx-4_5vwlh1
INFO    : 
Finished build for target print. The output is in /home/kjames13/Code/KJPreTeXt/Learning_PreTeXt/my-first-article/output/print.

INFO    : 
Success!  Built requested target(s) without errors.

INFO    : 
