INFO    : Building target web
INFO    : XSL conversion of /home/kjames13/Code/KJPreTeXt/Learning_PreTeXt/my-first-article/source/main.ptx by /home/kjames13/.ptx/2.38.3/core/xsl/utilities/pretext-enhanced-source.xsl
INFO    : successful application of /home/kjames13/.ptx/2.38.3/core/xsl/utilities/pretext-enhanced-source.xsl
INFO    : Generating any needed assets.
WARNING : Now generating latex images
INFO    : converting latex-image pictures from /home/kjames13/Code/KJPreTeXt/Learning_PreTeXt/my-first-article/source/main.ptx to svg graphics for placement in /home/kjames13/Code/KJPreTeXt/Learning_PreTeXt/my-first-article/generated-assets/latex-image
INFO    : extracting latex-image pictures from /home/kjames13/Code/KJPreTeXt/Learning_PreTeXt/my-first-article/source/main.ptx
INFO    : string parameters passed to extraction stylesheet: {'cli.version': '2.38', 'publisher': '/home/kjames13/Code/KJPreTeXt/Learning_PreTeXt/my-first-article/publication/publication.ptx'}
INFO    : discovering source file's directory name: /home/kjames13/Code/KJPreTeXt/Learning_PreTeXt/my-first-article/source
INFO    : verifying and expanding input directory: /home/kjames13/Code/KJPreTeXt/Learning_PreTeXt/my-first-article/source/../generated-assets
INFO    : input directory expanded to absolute path: /home/kjames13/Code/KJPreTeXt/Learning_PreTeXt/my-first-article/generated-assets
INFO    : verifying and expanding input directory: /home/kjames13/Code/KJPreTeXt/Learning_PreTeXt/my-first-article/source/../assets
INFO    : input directory expanded to absolute path: /home/kjames13/Code/KJPreTeXt/Learning_PreTeXt/my-first-article/assets
INFO    : XSL conversion of /home/kjames13/Code/KJPreTeXt/Learning_PreTeXt/my-first-article/source/main.ptx by /home/kjames13/.ptx/2.38.3/core/xsl/extract-latex-image.xsl
INFO    : successful application of /home/kjames13/.ptx/2.38.3/core/xsl/extract-latex-image.xsl
WARNING : PTX:ERROR: cannot locate executable with configuration name `LatexEngine.XELATEX` as command `xelatex`
***  Edit the configuration file  ("pretext.cfg" or "project.ptx") and/or install  ***
***  the necessary program and/or make sure the executable is on your PATH         ***
ERROR   : Unable to generate some latex-image assets:
 LaTeX compilation failed for 1 "latex-image"(s).
Review the log for error messages, and LaTeX transcripts.
Images are:
  tikz-example-diagram.tex
INFO    : Removing temporary directory /tmp/ptx-6tc6u98x
INFO    : Finished generating assets.

INFO    : Preparing to build into /home/kjames13/Code/KJPreTeXt/Learning_PreTeXt/my-first-article/output/web.
WARNING : Cannot find npm.  Will try to use prebuilt CSS files instead.
WARNING : Unable to install npm packages to build css files.  Non-default CSS themes require node.js and npm to be installed.  See https://pretextbook.org/doc/guide/html/node-and-npm.html
WARNING : 
INFO    : XSL conversion of /home/kjames13/Code/KJPreTeXt/Learning_PreTeXt/my-first-article/source/main.ptx by /home/kjames13/.ptx/2.38.3/core/xsl/utilities/report-publisher-variables.xsl
INFO    : successful application of /home/kjames13/.ptx/2.38.3/core/xsl/utilities/report-publisher-variables.xsl
INFO    : Downloading rs services file from https://runestone.academy/cdn/runestone/latest/webpack_static_imports.xml.
INFO    : Runestone Services via online CDN query: version 7.13.5
INFO    : Downloading Runestone Services, version 7.13.5
INFO    : Extracting Runestone Services from archive file
INFO    : CSSBuilder packages not installed. Relying on prebuilt default-modern. To fix this, run 'npm install' in the pretext/script/cssbuilder directory. https://pretextbook.org/doc/guide/html/node-and-npm.html
INFO    : Using prebuilt CSS theme: default-modern with options: {'options': {'primary-color': '#195684', 'secondary-color': '#932c1c'}, 'contrast-checks': {'primary-color': '#fff', 'secondary-color': '#fff', 'primary-color-dark': '#23241f'}}
INFO    : converting /home/kjames13/Code/KJPreTeXt/Learning_PreTeXt/my-first-article/source/main.ptx to HTML in /tmp/ptx-ehbzt07k
INFO    : XSL conversion of /home/kjames13/Code/KJPreTeXt/Learning_PreTeXt/my-first-article/source/main.ptx by /home/kjames13/.ptx/2.38.3/core/xsl/pretext-html.xsl
INFO    : messages from the log for XSL processing:
INFO    : * PTX:INFO:   checking all deprecated elements.
INFO    : successful application of /home/kjames13/.ptx/2.38.3/core/xsl/pretext-html.xsl
INFO    : Removing temporary directory /tmp/ptx-ehbzt07k
INFO    : Removing temporary directory /tmp/ptx-1vz_nou8
INFO    : 
Finished build for target web. Run `pretext view web` to see the results.

CRITICAL: There were errors during the build.  See above.
INFO    : ------------------------
CRITICAL: Failed to build without errors.  Exiting...
INFO    : 
----------------------------------------------------
INFO    : While running pretext, the following errors occurred:

INFO    : (see log messages above or in the 'logs' folder for more information)
INFO    : ----------------------------------------------------
